2025-04-23 20:55:36 [main] INFO com.ui.listeners.TestListener::onStart::55 Test Suite Started 
2025-04-23 20:55:45 [main] INFO com.ui.pages.HomePage::goToWebsite::117 Visiting the website :http://www.automationpractice.pl/index.php? 
2025-04-23 20:55:47 [main] INFO com.ui.listeners.TestListener::onTestStart::25 loginExcelTest 
2025-04-23 20:55:47 [main] INFO com.ui.listeners.TestListener::onTestStart::26 Verifies with the valid user is able to login in website 
2025-04-23 20:55:47 [main] INFO com.ui.pages.HomePage::goToLoginPage::31 Trying to perform the click to go to sign in page 
2025-04-23 20:55:47 [main] INFO com.ui.pages.HomePage::clickOn::127 Finding Element with the locator By.xpath: //a[@title='Log in to your customer account'] 
2025-04-23 20:55:47 [main] INFO com.ui.pages.HomePage::clickOn::129 Element Found and now performing click 
2025-04-23 20:55:48 [main] INFO com.ui.pages.LoginPage::enterText::134 Finding Element with the locator By.xpath: //input[@id='email'] 
2025-04-23 20:55:49 [main] INFO com.ui.pages.LoginPage::enterText::136 Element Found and now Enter the text harsshal@gmail.com 
2025-04-23 20:55:49 [main] INFO com.ui.pages.LoginPage::enterText::134 Finding Element with the locator By.xpath: //input[@id='passwd'] 
2025-04-23 20:55:49 [main] INFO com.ui.pages.LoginPage::enterText::136 Element Found and now Enter the text harsshal 
2025-04-23 20:55:49 [main] INFO com.ui.pages.LoginPage::clickOn::127 Finding Element with the locator By.xpath: //button[@id='SubmitLogin'] 
2025-04-23 20:55:50 [main] INFO com.ui.pages.LoginPage::clickOn::129 Element Found and now performing click 
2025-04-23 20:55:51 [main] INFO com.ui.pages.MyAccountPage::getVisibleText::141 Finding Element with the locator By.xpath: //a[@class='account']/span 
2025-04-23 20:55:51 [main] INFO com.ui.pages.MyAccountPage::getVisibleText::143 Element Found and now returning the value Harshal c 
2025-04-23 20:55:52 [main] INFO com.ui.listeners.TestListener::onTestSuccess::31 loginExcelTest PASSED 
2025-04-23 20:55:59 [main] INFO com.ui.pages.HomePage::goToWebsite::117 Visiting the website :http://www.automationpractice.pl/index.php? 
2025-04-23 20:56:05 [main] INFO com.ui.listeners.TestListener::onTestStart::25 loginExcelTest 
2025-04-23 20:56:05 [main] INFO com.ui.listeners.TestListener::onTestStart::26 Verifies with the valid user is able to login in website 
2025-04-23 20:56:05 [main] INFO com.ui.pages.HomePage::goToLoginPage::31 Trying to perform the click to go to sign in page 
2025-04-23 20:56:05 [main] INFO com.ui.pages.HomePage::clickOn::127 Finding Element with the locator By.xpath: //a[@title='Log in to your customer account'] 
2025-04-23 20:56:06 [main] INFO com.ui.pages.HomePage::clickOn::129 Element Found and now performing click 
2025-04-23 20:56:06 [main] INFO com.ui.pages.LoginPage::enterText::134 Finding Element with the locator By.xpath: //input[@id='email'] 
2025-04-23 20:56:07 [main] INFO com.ui.pages.LoginPage::enterText::136 Element Found and now Enter the text RohitSharma@gmail.com 
2025-04-23 20:56:07 [main] INFO com.ui.pages.LoginPage::enterText::134 Finding Element with the locator By.xpath: //input[@id='passwd'] 
2025-04-23 20:56:07 [main] INFO com.ui.pages.LoginPage::enterText::136 Element Found and now Enter the text password 
2025-04-23 20:56:07 [main] INFO com.ui.pages.LoginPage::clickOn::127 Finding Element with the locator By.xpath: //button[@id='SubmitLogin'] 
2025-04-23 20:56:07 [main] INFO com.ui.pages.LoginPage::clickOn::129 Element Found and now performing click 
2025-04-23 20:56:08 [main] INFO com.ui.pages.MyAccountPage::getVisibleText::141 Finding Element with the locator By.xpath: //a[@class='account']/span 
2025-04-23 20:56:08 [main] WARN com.ui.listeners.TestListener::onTestSkipped::50 loginExcelTest SKIPPED 
2025-04-23 20:56:19 [main] INFO com.ui.pages.HomePage::goToWebsite::117 Visiting the website :http://www.automationpractice.pl/index.php? 
2025-04-23 20:56:21 [main] INFO com.ui.listeners.TestListener::onTestStart::25 loginExcelTest 
2025-04-23 20:56:21 [main] INFO com.ui.listeners.TestListener::onTestStart::26 Verifies with the valid user is able to login in website 
2025-04-23 20:56:21 [main] INFO com.ui.pages.HomePage::goToLoginPage::31 Trying to perform the click to go to sign in page 
2025-04-23 20:56:21 [main] INFO com.ui.pages.HomePage::clickOn::127 Finding Element with the locator By.xpath: //a[@title='Log in to your customer account'] 
2025-04-23 20:56:21 [main] INFO com.ui.pages.HomePage::clickOn::129 Element Found and now performing click 
2025-04-23 20:56:22 [main] INFO com.ui.pages.LoginPage::enterText::134 Finding Element with the locator By.xpath: //input[@id='email'] 
2025-04-23 20:56:23 [main] INFO com.ui.pages.LoginPage::enterText::136 Element Found and now Enter the text RohitSharma@gmail.com 
2025-04-23 20:56:23 [main] INFO com.ui.pages.LoginPage::enterText::134 Finding Element with the locator By.xpath: //input[@id='passwd'] 
2025-04-23 20:56:23 [main] INFO com.ui.pages.LoginPage::enterText::136 Element Found and now Enter the text password 
2025-04-23 20:56:23 [main] INFO com.ui.pages.LoginPage::clickOn::127 Finding Element with the locator By.xpath: //button[@id='SubmitLogin'] 
2025-04-23 20:56:23 [main] INFO com.ui.pages.LoginPage::clickOn::129 Element Found and now performing click 
2025-04-23 20:56:24 [main] INFO com.ui.pages.MyAccountPage::getVisibleText::141 Finding Element with the locator By.xpath: //a[@class='account']/span 
2025-04-23 20:56:24 [main] WARN com.ui.listeners.TestListener::onTestSkipped::50 loginExcelTest SKIPPED 
2025-04-23 20:56:34 [main] INFO com.ui.pages.HomePage::goToWebsite::117 Visiting the website :http://www.automationpractice.pl/index.php? 
2025-04-23 20:56:35 [main] INFO com.ui.listeners.TestListener::onTestStart::25 loginExcelTest 
2025-04-23 20:56:35 [main] INFO com.ui.listeners.TestListener::onTestStart::26 Verifies with the valid user is able to login in website 
2025-04-23 20:56:35 [main] INFO com.ui.pages.HomePage::goToLoginPage::31 Trying to perform the click to go to sign in page 
2025-04-23 20:56:35 [main] INFO com.ui.pages.HomePage::clickOn::127 Finding Element with the locator By.xpath: //a[@title='Log in to your customer account'] 
2025-04-23 20:56:36 [main] INFO com.ui.pages.HomePage::clickOn::129 Element Found and now performing click 
2025-04-23 20:56:37 [main] INFO com.ui.pages.LoginPage::enterText::134 Finding Element with the locator By.xpath: //input[@id='email'] 
2025-04-23 20:56:37 [main] INFO com.ui.pages.LoginPage::enterText::136 Element Found and now Enter the text RohitSharma@gmail.com 
2025-04-23 20:56:37 [main] INFO com.ui.pages.LoginPage::enterText::134 Finding Element with the locator By.xpath: //input[@id='passwd'] 
2025-04-23 20:56:37 [main] INFO com.ui.pages.LoginPage::enterText::136 Element Found and now Enter the text password 
2025-04-23 20:56:38 [main] INFO com.ui.pages.LoginPage::clickOn::127 Finding Element with the locator By.xpath: //button[@id='SubmitLogin'] 
2025-04-23 20:56:38 [main] INFO com.ui.pages.LoginPage::clickOn::129 Element Found and now performing click 
2025-04-23 20:56:39 [main] INFO com.ui.pages.MyAccountPage::getVisibleText::141 Finding Element with the locator By.xpath: //a[@class='account']/span 
2025-04-23 20:56:40 [main] WARN com.ui.listeners.TestListener::onTestSkipped::50 loginExcelTest SKIPPED 
2025-04-23 20:56:51 [main] INFO com.ui.pages.HomePage::goToWebsite::117 Visiting the website :http://www.automationpractice.pl/index.php? 
2025-04-23 20:56:52 [main] INFO com.ui.listeners.TestListener::onTestStart::25 loginExcelTest 
2025-04-23 20:56:52 [main] INFO com.ui.listeners.TestListener::onTestStart::26 Verifies with the valid user is able to login in website 
2025-04-23 20:56:52 [main] INFO com.ui.pages.HomePage::goToLoginPage::31 Trying to perform the click to go to sign in page 
2025-04-23 20:56:52 [main] INFO com.ui.pages.HomePage::clickOn::127 Finding Element with the locator By.xpath: //a[@title='Log in to your customer account'] 
2025-04-23 20:56:53 [main] INFO com.ui.pages.HomePage::clickOn::129 Element Found and now performing click 
2025-04-23 20:56:53 [main] INFO com.ui.pages.LoginPage::enterText::134 Finding Element with the locator By.xpath: //input[@id='email'] 
2025-04-23 20:56:54 [main] INFO com.ui.pages.LoginPage::enterText::136 Element Found and now Enter the text RohitSharma@gmail.com 
2025-04-23 20:56:54 [main] INFO com.ui.pages.LoginPage::enterText::134 Finding Element with the locator By.xpath: //input[@id='passwd'] 
2025-04-23 20:56:54 [main] INFO com.ui.pages.LoginPage::enterText::136 Element Found and now Enter the text password 
2025-04-23 20:56:55 [main] INFO com.ui.pages.LoginPage::clickOn::127 Finding Element with the locator By.xpath: //button[@id='SubmitLogin'] 
2025-04-23 20:56:55 [main] INFO com.ui.pages.LoginPage::clickOn::129 Element Found and now performing click 
2025-04-23 20:56:55 [main] INFO com.ui.pages.MyAccountPage::getVisibleText::141 Finding Element with the locator By.xpath: //a[@class='account']/span 
2025-04-23 20:56:55 [main] ERROR com.ui.listeners.TestListener::onTestFailure::36 loginExcelTest FAILED 
2025-04-23 20:56:55 [main] ERROR com.ui.listeners.TestListener::onTestFailure::37 no such element: Unable to locate element: {"method":"xpath","selector":"//a[@class='account']/span"}
  (Session info: chrome=135.0.7049.96)
For documentation on this error, please visit: https://www.selenium.dev/documentation/webdriver/troubleshooting/errors#no-such-element-exception
Build info: version: '4.29.0', revision: '5fc1ec94cb'
System info: os.name: 'Windows 11', os.arch: 'amd64', os.version: '10.0', java.version: '21.0.6'
Driver info: org.openqa.selenium.remote.RemoteWebDriver
Command: [d23bbca1c61e1cdb5371ab08d323ca0c, findElement {using=xpath, value=//a[@class='account']/span}]
Capabilities {acceptInsecureCerts: false, browserName: chrome, browserVersion: 135.0.7049.96, chrome: {chromedriverVersion: 135.0.7049.96 (3504c18e3661..., userDataDir: C:\Program Files (x86)\scop...}, fedcm:accounts: true, goog:chromeOptions: {debuggerAddress: localhost:9225}, networkConnectionEnabled: false, pageLoadStrategy: normal, platformName: Windows XP, proxy: Proxy(), se:bidiEnabled: false, se:cdp: wss://cdp-mumbai.lambdatest..., se:cdpVersion: 135.0.7049.96, setWindowRect: true, strictFileInteractability: false, timeouts: {implicit: 0, pageLoad: 300000, script: 30000}, unhandledPromptBehavior: dismiss and notify, webauthn:extension:credBlob: true, webauthn:extension:largeBlob: true, webauthn:extension:minPinLength: true, webauthn:extension:prf: true, webauthn:virtualAuthenticators: true}
Session ID: d23bbca1c61e1cdb5371ab08d323ca0c 
2025-04-23 20:56:55 [main] INFO com.ui.listeners.TestListener::onTestFailure::43 Capturing Screenshot for the failed tests 
2025-04-23 20:56:56 [main] INFO com.ui.listeners.TestListener::onTestFailure::46 Attaching the Screenshot to the HTML file 
2025-04-23 20:56:57 [main] INFO com.ui.listeners.TestListener::onFinish::60 Test Suite Finished 
